<?xml version="1.0" encoding="UTF-8"?>
<!-- Generated by org.testng.reporters.JUnitReportReporter -->
<testsuite skipped="0" hostname="HP" name="com.guru99_bankManager.testCases.TC_DeleteCustomerTest_005" tests="1" failures="0" timestamp="2020-02-04T13:32:12 GMT" time="15.597" errors="0">
  <testcase name="deleteCustomer" time="15.597" classname="com.guru99_bankManager.testCases.TC_DeleteCustomerTest_005"/>
</testsuite> <!-- com.guru99_bankManager.testCases.TC_DeleteCustomerTest_005 -->
