<?xml version="1.0" encoding="UTF-8"?>
<!-- Generated by org.testng.reporters.JUnitReportReporter -->
<testsuite skipped="0" hostname="HP" name="com.guru99_bankManager.testCases.TC_EditCustomerTest_004" tests="1" failures="0" timestamp="2020-02-04T11:09:39 GMT" time="21.956" errors="0">
  <testcase name="addNewCustomer" time="21.956" classname="com.guru99_bankManager.testCases.TC_EditCustomerTest_004"/>
</testsuite> <!-- com.guru99_bankManager.testCases.TC_EditCustomerTest_004 -->
