<?xml version="1.0" encoding="UTF-8"?>
<!-- Generated by org.testng.reporters.JUnitReportReporter -->
<testsuite skipped="0" hostname="HP" name="com.guru99_bankManager.testCases.TC_AddCustomerTest_003" tests="1" failures="0" timestamp="2020-02-04T09:20:10 GMT" time="29.785" errors="0">
  <testcase name="addNewCustomer" time="29.785" classname="com.guru99_bankManager.testCases.TC_AddCustomerTest_003"/>
</testsuite> <!-- com.guru99_bankManager.testCases.TC_AddCustomerTest_003 -->
