<?xml version="1.0" encoding="UTF-8"?>
<!-- Generated by org.testng.reporters.JUnitReportReporter -->
<testsuite skipped="0" hostname="HP" name="com.guru99_bankManager.testCases.TC_AddCustomerTest_003" tests="1" failures="0" timestamp="2020-01-29T14:35:20 GMT" time="31.436" errors="0">
  <testcase name="addNewCustomer" time="31.436" classname="com.guru99_bankManager.testCases.TC_AddCustomerTest_003"/>
</testsuite> <!-- com.guru99_bankManager.testCases.TC_AddCustomerTest_003 -->
