<?xml version="1.0" encoding="UTF-8"?>
<!-- Generated by org.testng.reporters.JUnitReportReporter -->
<testsuite skipped="0" hostname="HP" name="com.guru99_bankManager.testCases.TC_AddCustomerTest_003" tests="1" failures="0" timestamp="2020-01-30T21:00:02 GMT" time="23.734" errors="0">
  <testcase name="addNewCustomer" time="23.734" classname="com.guru99_bankManager.testCases.TC_AddCustomerTest_003"/>
</testsuite> <!-- com.guru99_bankManager.testCases.TC_AddCustomerTest_003 -->
